<?xml version="1.0" encoding="UTF-8"?>
<testsuite name="com.studentapp.junit.testOne.CreateStudentsDataDrivenTest" time="43.663" tests="100" errors="0" skipped="0" failures="0">
  <properties>
[...]
</properties>
  <testcase name="CreateMultisStudent[0]" classname="com.studentapp.junit.testOne.CreateStudentsDataDrivenTest" time="0.904"/>
  <testcase name="CreateMultisStudent[1]" classname="com.studentapp.junit.testOne.CreateStudentsDataDrivenTest" time="0.658"/>
  <testcase name="CreateMultisStudent[2]" classname="com.studentapp.junit.testOne.CreateStudentsDataDrivenTest" time="0.504"/>
  <testcase name="CreateMultisStudent[3]" classname="com.studentapp.junit.testOne.CreateStudentsDataDrivenTest" time="0.428"/>
  <testcase name="CreateMultisStudent[4]" classname="com.studentapp.junit.testOne.CreateStudentsDataDrivenTest" time="0.477"/>
  <testcase name="CreateMultisStudent[5]" classname="com.studentapp.junit.testOne.CreateStudentsDataDrivenTest" time="0.437"/>
  <testcase name="CreateMultisStudent[6]" classname="com.studentapp.junit.testOne.CreateStudentsDataDrivenTest" time="0.402"/>
  <testcase name="CreateMultisStudent[7]" classname="com.studentapp.junit.testOne.CreateStudentsDataDrivenTest" time="0.58"/>
  <testcase name="CreateMultisStudent[8]" classname="com.studentapp.junit.testOne.CreateStudentsDataDrivenTest" time="0.406"/>
  <testcase name="CreateMultisStudent[9]" classname="com.studentapp.junit.testOne.CreateStudentsDataDrivenTest" time="0.436"/>
  <testcase name="CreateMultisStudent[10]" classname="com.studentapp.junit.testOne.CreateStudentsDataDrivenTest" time="0.612"/>
  <testcase name="CreateMultisStudent[11]" classname="com.studentapp.junit.testOne.CreateStudentsDataDrivenTest" time="0.486"/>
  <testcase name="CreateMultisStudent[12]" classname="com.studentapp.junit.testOne.CreateStudentsDataDrivenTest" time="0.438"/>
  <testcase name="CreateMultisStudent[13]" classname="com.studentapp.junit.testOne.CreateStudentsDataDrivenTest" time="0.741"/>
  <testcase name="CreateMultisStudent[14]" classname="com.studentapp.junit.testOne.CreateStudentsDataDrivenTest" time="0.351"/>
  <testcase name="CreateMultisStudent[15]" classname="com.studentapp.junit.testOne.CreateStudentsDataDrivenTest" time="0.559"/>
  <testcase name="CreateMultisStudent[16]" classname="com.studentapp.junit.testOne.CreateStudentsDataDrivenTest" time="0.437"/>
  <testcase name="CreateMultisStudent[17]" classname="com.studentapp.junit.testOne.CreateStudentsDataDrivenTest" time="0.373"/>
  <testcase name="CreateMultisStudent[18]" classname="com.studentapp.junit.testOne.CreateStudentsDataDrivenTest" time="0.356"/>
  <testcase name="CreateMultisStudent[19]" classname="com.studentapp.junit.testOne.CreateStudentsDataDrivenTest" time="0.497"/>
  <testcase name="CreateMultisStudent[20]" classname="com.studentapp.junit.testOne.CreateStudentsDataDrivenTest" time="0.443"/>
  <testcase name="CreateMultisStudent[21]" classname="com.studentapp.junit.testOne.CreateStudentsDataDrivenTest" time="0.519"/>
  <testcase name="CreateMultisStudent[22]" classname="com.studentapp.junit.testOne.CreateStudentsDataDrivenTest" time="0.473"/>
  <testcase name="CreateMultisStudent[23]" classname="com.studentapp.junit.testOne.CreateStudentsDataDrivenTest" time="0.362"/>
  <testcase name="CreateMultisStudent[24]" classname="com.studentapp.junit.testOne.CreateStudentsDataDrivenTest" time="0.413"/>
  <testcase name="CreateMultisStudent[25]" classname="com.studentapp.junit.testOne.CreateStudentsDataDrivenTest" time="0.461"/>
  <testcase name="CreateMultisStudent[26]" classname="com.studentapp.junit.testOne.CreateStudentsDataDrivenTest" time="0.347"/>
  <testcase name="CreateMultisStudent[27]" classname="com.studentapp.junit.testOne.CreateStudentsDataDrivenTest" time="0.369"/>
  <testcase name="CreateMultisStudent[28]" classname="com.studentapp.junit.testOne.CreateStudentsDataDrivenTest" time="0.385"/>
  <testcase name="CreateMultisStudent[29]" classname="com.studentapp.junit.testOne.CreateStudentsDataDrivenTest" time="0.374"/>
  <testcase name="CreateMultisStudent[30]" classname="com.studentapp.junit.testOne.CreateStudentsDataDrivenTest" time="0.323"/>
  <testcase name="CreateMultisStudent[31]" classname="com.studentapp.junit.testOne.CreateStudentsDataDrivenTest" time="0.387"/>
  <testcase name="CreateMultisStudent[32]" classname="com.studentapp.junit.testOne.CreateStudentsDataDrivenTest" time="0.377"/>
  <testcase name="CreateMultisStudent[33]" classname="com.studentapp.junit.testOne.CreateStudentsDataDrivenTest" time="0.469"/>
  <testcase name="CreateMultisStudent[34]" classname="com.studentapp.junit.testOne.CreateStudentsDataDrivenTest" time="0.377"/>
  <testcase name="CreateMultisStudent[35]" classname="com.studentapp.junit.testOne.CreateStudentsDataDrivenTest" time="0.426"/>
  <testcase name="CreateMultisStudent[36]" classname="com.studentapp.junit.testOne.CreateStudentsDataDrivenTest" time="0.345"/>
  <testcase name="CreateMultisStudent[37]" classname="com.studentapp.junit.testOne.CreateStudentsDataDrivenTest" time="0.404"/>
  <testcase name="CreateMultisStudent[38]" classname="com.studentapp.junit.testOne.CreateStudentsDataDrivenTest" time="0.385"/>
  <testcase name="CreateMultisStudent[39]" classname="com.studentapp.junit.testOne.CreateStudentsDataDrivenTest" time="0.361"/>
  <testcase name="CreateMultisStudent[40]" classname="com.studentapp.junit.testOne.CreateStudentsDataDrivenTest" time="0.445"/>
  <testcase name="CreateMultisStudent[41]" classname="com.studentapp.junit.testOne.CreateStudentsDataDrivenTest" time="0.39"/>
  <testcase name="CreateMultisStudent[42]" classname="com.studentapp.junit.testOne.CreateStudentsDataDrivenTest" time="0.371"/>
  <testcase name="CreateMultisStudent[43]" classname="com.studentapp.junit.testOne.CreateStudentsDataDrivenTest" time="0.424"/>
  <testcase name="CreateMultisStudent[44]" classname="com.studentapp.junit.testOne.CreateStudentsDataDrivenTest" time="0.349"/>
  <testcase name="CreateMultisStudent[45]" classname="com.studentapp.junit.testOne.CreateStudentsDataDrivenTest" time="0.406"/>
  <testcase name="CreateMultisStudent[46]" classname="com.studentapp.junit.testOne.CreateStudentsDataDrivenTest" time="0.414"/>
  <testcase name="CreateMultisStudent[47]" classname="com.studentapp.junit.testOne.CreateStudentsDataDrivenTest" time="0.444"/>
  <testcase name="CreateMultisStudent[48]" classname="com.studentapp.junit.testOne.CreateStudentsDataDrivenTest" time="0.368"/>
  <testcase name="CreateMultisStudent[49]" classname="com.studentapp.junit.testOne.CreateStudentsDataDrivenTest" time="0.439"/>
  <testcase name="CreateMultisStudent[50]" classname="com.studentapp.junit.testOne.CreateStudentsDataDrivenTest" time="0.469"/>
  <testcase name="CreateMultisStudent[51]" classname="com.studentapp.junit.testOne.CreateStudentsDataDrivenTest" time="0.38"/>
  <testcase name="CreateMultisStudent[52]" classname="com.studentapp.junit.testOne.CreateStudentsDataDrivenTest" time="0.601"/>
  <testcase name="CreateMultisStudent[53]" classname="com.studentapp.junit.testOne.CreateStudentsDataDrivenTest" time="0.437"/>
  <testcase name="CreateMultisStudent[54]" classname="com.studentapp.junit.testOne.CreateStudentsDataDrivenTest" time="0.413"/>
  <testcase name="CreateMultisStudent[55]" classname="com.studentapp.junit.testOne.CreateStudentsDataDrivenTest" time="0.441"/>
  <testcase name="CreateMultisStudent[56]" classname="com.studentapp.junit.testOne.CreateStudentsDataDrivenTest" time="0.438"/>
  <testcase name="CreateMultisStudent[57]" classname="com.studentapp.junit.testOne.CreateStudentsDataDrivenTest" time="0.384"/>
  <testcase name="CreateMultisStudent[58]" classname="com.studentapp.junit.testOne.CreateStudentsDataDrivenTest" time="0.514"/>
  <testcase name="CreateMultisStudent[59]" classname="com.studentapp.junit.testOne.CreateStudentsDataDrivenTest" time="0.408"/>
  <testcase name="CreateMultisStudent[60]" classname="com.studentapp.junit.testOne.CreateStudentsDataDrivenTest" time="0.533"/>
  <testcase name="CreateMultisStudent[61]" classname="com.studentapp.junit.testOne.CreateStudentsDataDrivenTest" time="0.49"/>
  <testcase name="CreateMultisStudent[62]" classname="com.studentapp.junit.testOne.CreateStudentsDataDrivenTest" time="0.35"/>
  <testcase name="CreateMultisStudent[63]" classname="com.studentapp.junit.testOne.CreateStudentsDataDrivenTest" time="0.371"/>
  <testcase name="CreateMultisStudent[64]" classname="com.studentapp.junit.testOne.CreateStudentsDataDrivenTest" time="0.421"/>
  <testcase name="CreateMultisStudent[65]" classname="com.studentapp.junit.testOne.CreateStudentsDataDrivenTest" time="0.349"/>
  <testcase name="CreateMultisStudent[66]" classname="com.studentapp.junit.testOne.CreateStudentsDataDrivenTest" time="0.353"/>
  <testcase name="CreateMultisStudent[67]" classname="com.studentapp.junit.testOne.CreateStudentsDataDrivenTest" time="0.46"/>
  <testcase name="CreateMultisStudent[68]" classname="com.studentapp.junit.testOne.CreateStudentsDataDrivenTest" time="0.424"/>
  <testcase name="CreateMultisStudent[69]" classname="com.studentapp.junit.testOne.CreateStudentsDataDrivenTest" time="0.358"/>
  <testcase name="CreateMultisStudent[70]" classname="com.studentapp.junit.testOne.CreateStudentsDataDrivenTest" time="0.45"/>
  <testcase name="CreateMultisStudent[71]" classname="com.studentapp.junit.testOne.CreateStudentsDataDrivenTest" time="0.351"/>
  <testcase name="CreateMultisStudent[72]" classname="com.studentapp.junit.testOne.CreateStudentsDataDrivenTest" time="0.498"/>
  <testcase name="CreateMultisStudent[73]" classname="com.studentapp.junit.testOne.CreateStudentsDataDrivenTest" time="0.582"/>
  <testcase name="CreateMultisStudent[74]" classname="com.studentapp.junit.testOne.CreateStudentsDataDrivenTest" time="0.572"/>
  <testcase name="CreateMultisStudent[75]" classname="com.studentapp.junit.testOne.CreateStudentsDataDrivenTest" time="0.455"/>
  <testcase name="CreateMultisStudent[76]" classname="com.studentapp.junit.testOne.CreateStudentsDataDrivenTest" time="0.445"/>
  <testcase name="CreateMultisStudent[77]" classname="com.studentapp.junit.testOne.CreateStudentsDataDrivenTest" time="0.373"/>
  <testcase name="CreateMultisStudent[78]" classname="com.studentapp.junit.testOne.CreateStudentsDataDrivenTest" time="0.332"/>
  <testcase name="CreateMultisStudent[79]" classname="com.studentapp.junit.testOne.CreateStudentsDataDrivenTest" time="0.427"/>
  <testcase name="CreateMultisStudent[80]" classname="com.studentapp.junit.testOne.CreateStudentsDataDrivenTest" time="0.378"/>
  <testcase name="CreateMultisStudent[81]" classname="com.studentapp.junit.testOne.CreateStudentsDataDrivenTest" time="0.341"/>
  <testcase name="CreateMultisStudent[82]" classname="com.studentapp.junit.testOne.CreateStudentsDataDrivenTest" time="0.434"/>
  <testcase name="CreateMultisStudent[83]" classname="com.studentapp.junit.testOne.CreateStudentsDataDrivenTest" time="0.367"/>
  <testcase name="CreateMultisStudent[84]" classname="com.studentapp.junit.testOne.CreateStudentsDataDrivenTest" time="0.359"/>
  <testcase name="CreateMultisStudent[85]" classname="com.studentapp.junit.testOne.CreateStudentsDataDrivenTest" time="0.449"/>
  <testcase name="CreateMultisStudent[86]" classname="com.studentapp.junit.testOne.CreateStudentsDataDrivenTest" time="0.413"/>
  <testcase name="CreateMultisStudent[87]" classname="com.studentapp.junit.testOne.CreateStudentsDataDrivenTest" time="0.394"/>
  <testcase name="CreateMultisStudent[88]" classname="com.studentapp.junit.testOne.CreateStudentsDataDrivenTest" time="0.447"/>
  <testcase name="CreateMultisStudent[89]" classname="com.studentapp.junit.testOne.CreateStudentsDataDrivenTest" time="0.377"/>
  <testcase name="CreateMultisStudent[90]" classname="com.studentapp.junit.testOne.CreateStudentsDataDrivenTest" time="0.365"/>
  <testcase name="CreateMultisStudent[91]" classname="com.studentapp.junit.testOne.CreateStudentsDataDrivenTest" time="0.486"/>
  <testcase name="CreateMultisStudent[92]" classname="com.studentapp.junit.testOne.CreateStudentsDataDrivenTest" time="0.458"/>
  <testcase name="CreateMultisStudent[93]" classname="com.studentapp.junit.testOne.CreateStudentsDataDrivenTest" time="0.35"/>
  <testcase name="CreateMultisStudent[94]" classname="com.studentapp.junit.testOne.CreateStudentsDataDrivenTest" time="0.58"/>
  <testcase name="CreateMultisStudent[95]" classname="com.studentapp.junit.testOne.CreateStudentsDataDrivenTest" time="0.483"/>
  <testcase name="CreateMultisStudent[96]" classname="com.studentapp.junit.testOne.CreateStudentsDataDrivenTest" time="0.465"/>
  <testcase name="CreateMultisStudent[97]" classname="com.studentapp.junit.testOne.CreateStudentsDataDrivenTest" time="0.384"/>
  <testcase name="CreateMultisStudent[98]" classname="com.studentapp.junit.testOne.CreateStudentsDataDrivenTest" time="0.431"/>
  <testcase name="CreateMultisStudent[99]" classname="com.studentapp.junit.testOne.CreateStudentsDataDrivenTest" time="0.491"/>
</testsuite>