<?xml version="1.0" encoding="UTF-8"?><testsuite errors="0" failures="0" name="com.studentapp.junit.testOne.TagsTest" skipped="0" tests="2" time="16.52" timestamp="2021-01-18 09:37:57"><testcase classname="com.studentapp.junit.testOne.TagsTest" name="This test will provide an error code of 400 when user tries to access an invalid resource"/><testcase classname="com.studentapp.junit.testOne.TagsTest" name="Provide a 405 status code when incorrect HTTP method is used to access a resource"/></testsuite>